[debug] [2024-03-06T17:46:16.745Z] ----------------------------------------------------------------------
[debug] [2024-03-06T17:46:16.747Z] Command:       C:\Program Files\nodejs\node.exe C:\Users\Swetha R Nair\AppData\Roaming\npm\node_modules\firebase-tools\lib\bin\firebase.js login
[debug] [2024-03-06T17:46:16.748Z] CLI Version:   13.4.0
[debug] [2024-03-06T17:46:16.748Z] Platform:      win32
[debug] [2024-03-06T17:46:16.748Z] Node Version:  v20.11.1
[debug] [2024-03-06T17:46:16.748Z] Time:          Wed Mar 06 2024 23:16:16 GMT+0530 (India Standard Time)
[debug] [2024-03-06T17:46:16.748Z] ----------------------------------------------------------------------
[debug] 
[info] i  Firebase optionally collects CLI and Emulator Suite usage and error reporting information to help improve our products. Data is collected in accordance with Google's privacy policy (https://policies.google.com/privacy) and is not used to identify you.
 
[info] 
[info] Visit this URL on this device to log in:
[info] https://accounts.google.com/o/oauth2/auth?client_id=563584335869-fgrhgmd47bqnekij5i8b5pr03ho849e6.apps.googleusercontent.com&scope=email%20openid%20https%3A%2F%2Fwww.googleapis.com%2Fauth%2Fcloudplatformprojects.readonly%20https%3A%2F%2Fwww.googleapis.com%2Fauth%2Ffirebase%20https%3A%2F%2Fwww.googleapis.com%2Fauth%2Fcloud-platform&response_type=code&state=232414727&redirect_uri=http%3A%2F%2Flocalhost%3A9005
[info] 
[info] Waiting for authentication...
[debug] [2024-03-06T17:46:50.377Z] >>> [apiv2][query] POST https://accounts.google.com/o/oauth2/token [none]
[debug] [2024-03-06T17:46:50.378Z] >>> [apiv2][body] POST https://accounts.google.com/o/oauth2/token [omitted]
[debug] [2024-03-06T17:46:50.561Z] *** [apiv2] error from fetch(https://accounts.google.com/o/oauth2/token, {"headers":{},"method":"POST","body":{"_overheadLength":543,"_valueLength":208,"_valuesToMeasure":[],"writable":false,"readable":true,"dataSize":0,"maxDataSize":2097152,"pauseStreams":true,"_released":true,"_streams":[],"_currentStream":null,"_insideLoop":false,"_pendingNext":false,"_boundary":"--------------------------230560100557634995483900","_events":{},"_eventsCount":1}}): FetchError: request to https://accounts.google.com/o/oauth2/token failed, reason: self-signed certificate in certificate chain
[debug] [2024-03-06T17:46:50.562Z] Token Fetch Error: FirebaseError: Failed to make request to https://accounts.google.com/o/oauth2/token
    at RetryOperation._fn (C:\Users\Swetha R Nair\AppData\Roaming\npm\node_modules\firebase-tools\lib\apiv2.js:246:31)
    at process.processTicksAndRejections (node:internal/process/task_queues:95:5)
[debug] [2024-03-06T17:46:50.572Z] >>> [apiv2][query] POST https://auth.firebase.tools/attest [none]
[debug] [2024-03-06T17:46:50.573Z] >>> [apiv2][body] POST https://auth.firebase.tools/attest {"session_id":"d61c7373-3cae-4737-8b9e-9af2de971c87"}
[debug] [2024-03-06T17:46:51.242Z] <<< [apiv2][status] POST https://auth.firebase.tools/attest 200
[debug] [2024-03-06T17:46:51.243Z] <<< [apiv2][body] POST https://auth.firebase.tools/attest {"token":"kBsvKdWT5MATYG3k6VxhfrENrYqbGLP8oRxu65eJA2Q"}
[info] 
[info] To sign in to the Firebase CLI:
[info] 
[info] 1. Take note of your session ID:
[info] 
[info]    D61C7
[info] 
[info] 2. Visit the URL below on any device and follow the instructions to get your code:
[info] 
[info]    https://auth.firebase.tools/login?code_challenge=SwzxEeRVUxuL59ttq28EUbZvUSsMMvJEIJkSxzas8r8&session=d61c7373-3cae-4737-8b9e-9af2de971c87&attest=kBsvKdWT5MATYG3k6VxhfrENrYqbGLP8oRxu65eJA2Q
[info] 
[info] 3. Paste or enter the authorization code below once you have it:
[info] 
